<?xml version="1.0" encoding="UTF-8"?>
<testng-results ignored="0" total="1" passed="1" failed="0" skipped="0">
  <reporter-output>
  </reporter-output>
  <suite started-at="2023-08-25T14:06:53 IST" name="Suite" finished-at="2023-08-25T14:06:56 IST" duration-ms="3179">
    <groups>
    </groups>
    <test started-at="2023-08-25T14:06:53 IST" name="Test" finished-at="2023-08-25T14:06:56 IST" duration-ms="3179">
      <class name="Rest.Rest.API.Automation.UserRegistrationTest2">
        <test-method is-config="true" signature="setBaseURI()[pri:0, instance:Rest.Rest.API.Automation.UserRegistrationTest2@53de625d]" started-at="2023-08-25T14:06:52 IST" name="setBaseURI" finished-at="2023-08-25T14:06:53 IST" duration-ms="274" status="PASS">
          <reporter-output>
          </reporter-output>
        </test-method> <!-- setBaseURI -->
        <test-method is-config="true" signature="beforeMethod()[pri:0, instance:Rest.Rest.API.Automation.UserRegistrationTest2@53de625d]" started-at="2023-08-25T14:06:53 IST" name="beforeMethod" finished-at="2023-08-25T14:06:53 IST" duration-ms="30" status="PASS">
          <reporter-output>
          </reporter-output>
        </test-method> <!-- beforeMethod -->
        <test-method signature="testUserRegistration(java.lang.String,java.lang.String,java.lang.String,java.lang.String,java.lang.String)[pri:0, instance:Rest.Rest.API.Automation.UserRegistrationTest2@53de625d]" started-at="2023-08-25T14:06:53 IST" name="testUserRegistration" data-provider="testData" finished-at="2023-08-25T14:06:56 IST" duration-ms="2770" status="PASS">
          <params>
            <param index="0">
              <value>
                <![CDATA[Ankit270996]]>
              </value>
            </param>
            <param index="1">
              <value>
                <![CDATA[Ankita]]>
              </value>
            </param>
            <param index="2">
              <value>
                <![CDATA[Barot]]>
              </value>
            </param>
            <param index="3">
              <value>
                <![CDATA[ankita]]>
              </value>
            </param>
            <param index="4">
              <value>
                <![CDATA[ankita]]>
              </value>
            </param>
          </params>
          <reporter-output>
          </reporter-output>
        </test-method> <!-- testUserRegistration -->
      </class> <!-- Rest.Rest.API.Automation.UserRegistrationTest2 -->
    </test> <!-- Test -->
  </suite> <!-- Suite -->
</testng-results>
